<?xml version="1.0" encoding="UTF-8"?>
<!-- Generated by org.testng.reporters.JUnitXMLReporter -->
<testsuite hostname="zjh" name="友情链接" tests="7" failures="0" timestamp="20 Dec 2016 10:03:25 GMT" time="177.318" errors="0">
  <testcase name="test1" time="18.958" classname="cn.Wolf.testScripts.BackfriendHtml"/>
  <testcase name="test2" time="19.418" classname="cn.Wolf.testScripts.BackfriendHtml"/>
  <testcase name="test3" time="19.46" classname="cn.Wolf.testScripts.BackfriendHtml"/>
  <testcase name="test4" time="26.731" classname="cn.Wolf.testScripts.BackfriendHtml"/>
  <testcase name="test5" time="32.614" classname="cn.Wolf.testScripts.BackfriendHtml"/>
  <testcase name="test6" time="32.137" classname="cn.Wolf.testScripts.BackfriendHtml"/>
  <testcase name="test7" time="27.995" classname="cn.Wolf.testScripts.BackfriendHtml"/>
</testsuite> <!-- 友情链接 -->
