<?xml version="1.0" encoding="UTF-8"?>
<!-- Generated by org.testng.reporters.JUnitXMLReporter -->
<testsuite hostname="zjh" name="员工管理" tests="4" failures="0" timestamp="20 Dec 2016 09:51:54 GMT" time="82.468" errors="0">
  <testcase name="editTest" time="10.271" classname="cn.Wolf.testScripts.EmployeeTest"/>
  <testcase name="searchTest" time="10.279" classname="cn.Wolf.testScripts.EmployeeTest"/>
  <testcase name="watchTest" time="10.212" classname="cn.Wolf.testScripts.EmployeeTest"/>
  <testcase name="xiugaiTest" time="10.099" classname="cn.Wolf.testScripts.EmployeeTest"/>
</testsuite> <!-- 员工管理 -->
