<?xml version="1.0" encoding="UTF-8"?>
<!-- Generated by org.testng.reporters.JUnitXMLReporter -->
<testsuite hostname="zjh" name="登录测试用例：数据驱动" tests="3" failures="0" timestamp="15 Dec 2016 07:41:44 GMT" time="31.356" errors="0">
  <testcase name="loginTest" time="12.826" classname="cn.Wolf.testScripts.LoginTest"/>
  <testcase name="loginTest" time="6.475" classname="cn.Wolf.testScripts.LoginTest"/>
  <testcase name="loginTest" time="6.402" classname="cn.Wolf.testScripts.LoginTest"/>
</testsuite> <!-- 登录测试用例：数据驱动 -->
