<?xml version="1.0" encoding="UTF-8"?>
<!-- Generated by org.testng.reporters.JUnitXMLReporter -->
<testsuite hostname="zjh" name="评价售后模块用例" tests="14" failures="0" timestamp="20 Dec 2016 09:48:32 GMT" time="633.791" errors="0">
  <testcase name="cs" time="46.349" classname="cn.Wolf.testScripts.EvaluateTest"/>
  <testcase name="testeight" time="45.807" classname="cn.Wolf.testScripts.EvaluateTest"/>
  <testcase name="testeleven" time="43.039" classname="cn.Wolf.testScripts.EvaluateTest"/>
  <testcase name="testfive" time="46.426" classname="cn.Wolf.testScripts.EvaluateTest"/>
  <testcase name="testfour" time="43.565" classname="cn.Wolf.testScripts.EvaluateTest"/>
  <testcase name="testnine" time="43.461" classname="cn.Wolf.testScripts.EvaluateTest"/>
  <testcase name="testone" time="44.038" classname="cn.Wolf.testScripts.EvaluateTest"/>
  <testcase name="testseven" time="46.886" classname="cn.Wolf.testScripts.EvaluateTest"/>
  <testcase name="testsix" time="50.064" classname="cn.Wolf.testScripts.EvaluateTest"/>
  <testcase name="testten" time="44.08" classname="cn.Wolf.testScripts.EvaluateTest"/>
  <testcase name="testthirteen" time="44.91" classname="cn.Wolf.testScripts.EvaluateTest"/>
  <testcase name="testthree" time="41.476" classname="cn.Wolf.testScripts.EvaluateTest"/>
  <testcase name="testtwelve" time="45.443" classname="cn.Wolf.testScripts.EvaluateTest"/>
  <testcase name="testtwo" time="42.652" classname="cn.Wolf.testScripts.EvaluateTest"/>
</testsuite> <!-- 评价售后模块用例 -->
