<?xml version="1.0" encoding="UTF-8"?>
<!-- Generated by org.testng.reporters.JUnitXMLReporter -->
<testsuite hostname="zjh" name="购物车模块用例" tests="7" failures="0" timestamp="20 Dec 2016 09:35:41 GMT" time="72.891" errors="0">
  <testcase name="ShopcarAddnum" time="6.836" classname="cn.Wolf.testScripts.Shopcar"/>
  <testcase name="ShopcarChoose" time="0.919" classname="cn.Wolf.testScripts.Shopcar"/>
  <testcase name="ShopcarColour" time="6.826" classname="cn.Wolf.testScripts.Shopcar"/>
  <testcase name="ShopcarCut" time="2.033" classname="cn.Wolf.testScripts.Shopcar"/>
  <testcase name="ShopcarInputnum" time="0.95" classname="cn.Wolf.testScripts.Shopcar"/>
  <testcase name="ShopcarSize" time="6.939" classname="cn.Wolf.testScripts.Shopcar"/>
  <testcase name="Shopcarbalance" time="6.23" classname="cn.Wolf.testScripts.Shopcar"/>
</testsuite> <!-- 购物车模块用例 -->
