<?xml version="1.0" encoding="UTF-8"?>
<testng-results skipped="0" failed="0" total="1" passed="1">
  <reporter-output>
  </reporter-output>
  <suite name="Default suite" duration-ms="20081" started-at="2016-11-09T01:09:19Z" finished-at="2016-11-09T01:09:39Z">
    <groups>
    </groups>
    <test name="Default test" duration-ms="20081" started-at="2016-11-09T01:09:19Z" finished-at="2016-11-09T01:09:39Z">
      <class name="cn.Wolf.testScripts.LoginTest">
        <test-method status="PASS" signature="doBeforeMethod()[pri:0, instance:cn.Wolf.testScripts.LoginTest@224aed64]" name="doBeforeMethod" is-config="true" duration-ms="4808" started-at="2016-11-09T09:09:19Z" finished-at="2016-11-09T09:09:24Z">
          <reporter-output>
          </reporter-output>
        </test-method> <!-- doBeforeMethod -->
        <test-method status="PASS" signature="test1()[pri:0, instance:cn.Wolf.testScripts.LoginTest@224aed64]" name="test1" duration-ms="14738" started-at="2016-11-09T09:09:24Z" finished-at="2016-11-09T09:09:39Z">
          <reporter-output>
          </reporter-output>
        </test-method> <!-- test1 -->
        <test-method status="PASS" signature="doAfterMethod()[pri:0, instance:cn.Wolf.testScripts.LoginTest@224aed64]" name="doAfterMethod" is-config="true" duration-ms="524" started-at="2016-11-09T09:09:39Z" finished-at="2016-11-09T09:09:39Z">
          <reporter-output>
          </reporter-output>
        </test-method> <!-- doAfterMethod -->
      </class> <!-- cn.Wolf.testScripts.LoginTest -->
    </test> <!-- Default test -->
  </suite> <!-- Default suite -->
</testng-results>
